#! /usr/share/iverilog-0.10.0/bin/vvp
:ivl_version "0.10.0 (devel)" "(v0_9_6)";
:ivl_delay_selection "TYPICAL";
:vpi_time_precision - 12;
:vpi_module "system";
:vpi_module "vhdl_sys";
:vpi_module "v2005_math";
:vpi_module "va_math";
:vpi_module "v2009";
S_0x8e90e0 .scope module, "Earned_Prizes_TB" "Earned_Prizes_TB" 2 3;
 .timescale -9 -12;
v0x902b10_0 .var "clk_TB", 0 0;
v0x902bd0_0 .var "direction_TB", 1 0;
v0x902ce0_0 .net "earned_TB", 5 0, v0x902470_0;  1 drivers
v0x902d80_0 .net "new_place_TB", 3 0, v0x901e50_0;  1 drivers
v0x902e20_0 .net "prize_TB", 3 0, v0x9015b0_0;  1 drivers
v0x902f80_0 .var "reset_TB", 0 0;
S_0x8e9260 .scope module, "earned_DUT" "earned_prizes" 2 13, 3 13 0, S_0x8e90e0;
 .timescale -9 -12;
    .port_info 0 /OUTPUT 6 "earned"
    .port_info 1 /INPUT 4 "prize"
    .port_info 2 /INPUT 1 "clk"
    .port_info 3 /INPUT 1 "reset"
    .port_info 4 /INPUT 2 "direction"
    .port_info 5 /INPUT 4 "new_place"
v0x9022a0_0 .net "clk", 0 0, v0x902b10_0;  1 drivers
v0x9023b0_0 .net "direction", 1 0, v0x902bd0_0;  1 drivers
v0x902470_0 .var "earned", 5 0;
v0x902540_0 .net "new_place", 3 0, v0x901e50_0;  alias, 1 drivers
v0x902650_0 .net "prize", 3 0, v0x9015b0_0;  alias, 1 drivers
v0x902760_0 .net "reset", 0 0, v0x902f80_0;  1 drivers
v0x902850_0 .net "x", 1 0, v0x902020_0;  1 drivers
v0x902940_0 .net "y", 1 0, v0x902110_0;  1 drivers
E_0x8e3160/0 .event edge, v0x9015b0_0;
E_0x8e3160/1 .event negedge, v0x901690_0;
E_0x8e3160 .event/or E_0x8e3160/0, E_0x8e3160/1;
S_0x8e64c0 .scope module, "current_prize" "current_prize" 3 25, 3 66 0, S_0x8e9260;
 .timescale -9 -12;
    .port_info 0 /OUTPUT 4 "prize"
    .port_info 1 /INPUT 4 "new_place"
    .port_info 2 /INPUT 2 "x"
    .port_info 3 /INPUT 2 "y"
    .port_info 4 /INPUT 1 "clk"
    .port_info 5 /INPUT 1 "reset"
v0x8e6730_0 .var "board", 15 0;
v0x901400_0 .net "clk", 0 0, v0x902b10_0;  alias, 1 drivers
v0x9014c0_0 .net "new_place", 3 0, v0x901e50_0;  alias, 1 drivers
v0x9015b0_0 .var "prize", 3 0;
v0x901690_0 .net "reset", 0 0, v0x902f80_0;  alias, 1 drivers
v0x9017a0_0 .net "x", 1 0, v0x902020_0;  alias, 1 drivers
v0x901880_0 .net "y", 1 0, v0x902110_0;  alias, 1 drivers
E_0x8e3960/0 .event negedge, v0x901690_0;
E_0x8e3960/1 .event posedge, v0x901400_0;
E_0x8e3960 .event/or E_0x8e3960/0, E_0x8e3960/1;
S_0x901a60 .scope module, "next_place" "next_place" 3 23, 3 38 0, S_0x8e9260;
 .timescale -9 -12;
    .port_info 0 /OUTPUT 4 "new_place"
    .port_info 1 /OUTPUT 2 "x"
    .port_info 2 /OUTPUT 2 "y"
    .port_info 3 /INPUT 2 "direction"
    .port_info 4 /INPUT 1 "clk"
    .port_info 5 /INPUT 1 "reset"
v0x901cf0_0 .net "clk", 0 0, v0x902b10_0;  alias, 1 drivers
v0x901d90_0 .net "direction", 1 0, v0x902bd0_0;  alias, 1 drivers
v0x901e50_0 .var "new_place", 3 0;
v0x901f50_0 .net "reset", 0 0, v0x902f80_0;  alias, 1 drivers
v0x902020_0 .var "x", 1 0;
v0x902110_0 .var "y", 1 0;
    .scope S_0x901a60;
T_0 ;
    %wait E_0x8e3960;
    %load/v 8, v0x901f50_0, 1;
    %inv 8, 1;
    %jmp/0xz  T_0.0, 8;
    %ix/load 0, 2, 0;
    %assign/v0 v0x902020_0, 0, 0;
    %ix/load 0, 2, 0;
    %assign/v0 v0x902110_0, 0, 0;
    %jmp T_0.1;
T_0.0 ;
    %ix/load 1, 1, 0;
    %mov 4, 0, 1;
    %jmp/1 T_0.2, 4;
    %load/x1p 10, v0x901d90_0, 1;
    %jmp T_0.3;
T_0.2 ;
    %mov 10, 2, 1;
T_0.3 ;
    %mov 8, 10, 1; Move signal select into place
    %pad 9, 0, 1;
    %cmpi/u 8, 0, 2;
    %jmp/0xz  T_0.4, 4;
    %load/v 8, v0x901d90_0, 1; Only need 1 of 2 bits
; Save base=8 wid=1 in lookaside.
    %jmp/0  T_0.6, 8;
    %ix/load 0, 1, 0;
    %load/vp0 9, v0x902110_0, 2;
    %jmp/1  T_0.8, 8;
T_0.6 ; End of true expr.
    %load/v 11, v0x902110_0, 2;
    %subi 11, 1, 2;
    %jmp/0  T_0.7, 8;
 ; End of false expr.
    %blend  9, 11, 2; Condition unknown.
    %jmp  T_0.8;
T_0.7 ;
    %mov 9, 11, 2; Return false value
T_0.8 ;
    %ix/load 0, 2, 0;
    %assign/v0 v0x902110_0, 0, 9;
    %jmp T_0.5;
T_0.4 ;
    %load/v 8, v0x901d90_0, 1; Only need 1 of 2 bits
; Save base=8 wid=1 in lookaside.
    %jmp/0  T_0.9, 8;
    %ix/load 0, 1, 0;
    %load/vp0 9, v0x902020_0, 2;
    %jmp/1  T_0.11, 8;
T_0.9 ; End of true expr.
    %load/v 11, v0x902020_0, 2;
    %subi 11, 1, 2;
    %jmp/0  T_0.10, 8;
 ; End of false expr.
    %blend  9, 11, 2; Condition unknown.
    %jmp  T_0.11;
T_0.10 ;
    %mov 9, 11, 2; Return false value
T_0.11 ;
    %ix/load 0, 2, 0;
    %assign/v0 v0x902020_0, 0, 9;
T_0.5 ;
T_0.1 ;
    %load/v 8, v0x902020_0, 2;
    %load/v 10, v0x902110_0, 2;
    %ix/load 0, 4, 0;
    %assign/v0 v0x901e50_0, 0, 8;
    %jmp T_0;
    .thread T_0;
    .scope S_0x8e64c0;
T_1 ;
    %wait E_0x8e3960;
    %load/v 8, v0x901690_0, 1;
    %inv 8, 1;
    %jmp/0xz  T_1.0, 8;
    %ix/load 0, 16, 0;
    %assign/v0 v0x8e6730_0, 0, 0;
    %jmp T_1.1;
T_1.0 ;
    %ix/getv 1, v0x9014c0_0;
    %jmp/1 T_1.2, 4;
    %load/x1p 10, v0x8e6730_0, 1;
    %jmp T_1.3;
T_1.2 ;
    %mov 10, 2, 1;
T_1.3 ;
    %mov 8, 10, 1; Move signal select into place
    %pad 9, 0, 1;
    %cmpi/u 8, 0, 2;
    %jmp/0xz  T_1.4, 4;
    %load/v 8, v0x9017a0_0, 2;
    %pad 10, 0, 2;
    %load/v 12, v0x901880_0, 2;
    %pad 14, 0, 2;
    %add 8, 12, 4;
    %ix/load 0, 4, 0;
    %assign/v0 v0x9015b0_0, 0, 8;
    %ix/getv 1, v0x9014c0_0;
    %jmp/1 t_0, 4;
    %ix/load 0, 1, 0;
    %assign/v0/x1 v0x8e6730_0, 0, 1;
t_0 ;
    %jmp T_1.5;
T_1.4 ;
    %ix/load 0, 4, 0;
    %assign/v0 v0x9015b0_0, 0, 0;
T_1.5 ;
T_1.1 ;
    %jmp T_1;
    .thread T_1;
    .scope S_0x8e9260;
T_2 ;
    %wait E_0x8e3160;
    %load/v 8, v0x902760_0, 1;
    %inv 8, 1;
    %jmp/0xz  T_2.0, 8;
    %set/v v0x902470_0, 0, 6;
    %jmp T_2.1;
T_2.0 ;
    %load/v 8, v0x902470_0, 6;
    %load/v 14, v0x902650_0, 4;
    %pad 18, 0, 2;
    %add 8, 14, 6;
    %ix/load 0, 6, 0;
    %assign/v0 v0x902470_0, 0, 8;
T_2.1 ;
    %jmp T_2;
    .thread T_2;
    .scope S_0x8e90e0;
T_3 ;
    %vpi_call/w 2 17 "$dumpfile", "dump.vcd" {0 0};
    %vpi_call/w 2 17 "$dumpvars" {0 0};
    %end;
    .thread T_3;
    .scope S_0x8e90e0;
T_4 ;
    %set/v v0x902b10_0, 0, 1;
T_4.0 ;
    %delay 5000, 0;
    %load/v 8, v0x902b10_0, 1;
    %inv 8, 1;
    %set/v v0x902b10_0, 8, 1;
    %jmp T_4.0;
    %end;
    .thread T_4;
    .scope S_0x8e90e0;
T_5 ;
    %set/v v0x902f80_0, 0, 1;
    %delay 1000, 0;
    %set/v v0x902f80_0, 1, 1;
    %end;
    .thread T_5;
    .scope S_0x8e90e0;
T_6 ;
    %set/v v0x902bd0_0, 1, 2;
    %delay 10000, 0;
    %movi 8, 1, 2;
    %set/v v0x902bd0_0, 8, 2;
    %delay 10000, 0;
    %movi 8, 2, 2;
    %set/v v0x902bd0_0, 8, 2;
    %delay 10000, 0;
    %set/v v0x902bd0_0, 0, 2;
    %delay 10000, 0;
    %set/v v0x902bd0_0, 1, 2;
    %delay 10000, 0;
    %movi 8, 1, 2;
    %set/v v0x902bd0_0, 8, 2;
    %delay 10000, 0;
    %set/v v0x902bd0_0, 0, 2;
    %delay 10000, 0;
    %set/v v0x902bd0_0, 0, 2;
    %delay 10000, 0;
    %vpi_call/w 2 47 "$finish" {0 0};
    %end;
    .thread T_6;
# The file index is used to find the file name in the following table.
:file_names 4;
    "N/A";
    "<interactive>";
    "testbench.sv";
    "design.sv";
